<?xml version="1.0" encoding="UTF-8"?>
<Site BuildName="Darwin-clang++"
	BuildStamp="20260519-1617-Experimental"
	Name="MacBook-Pro-200.local"
	Generator="ctest-3.30.5"
	CompilerName="/usr/bin/clang++"
	CompilerVersion="21.0.0.21000101"
	OSName="macOS"
	Hostname="MacBook-Pro-200.local"
	OSRelease="26.4"
	OSVersion="25E246"
	OSPlatform="arm64"
	Is64Bits="1"
	VendorString="Apple"
	VendorID="Apple"
	FamilyID="0"
	ModelID="0"
	ProcessorCacheSize="131072"
	NumberOfLogicalCPU="10"
	NumberOfPhysicalCPU="10"
	TotalVirtualMemory="10240"
	TotalPhysicalMemory="16384"
	LogicalProcessorsPerPhysical="10"
	ProcessorClockFrequency="0"
	>
	<Testing>
		<StartDateTime>May 19 17:17 BST</StartDateTime>
		<StartTestTime>1779207427</StartTestTime>
		<TestList/>
		<EndDateTime>May 19 17:17 BST</EndDateTime>
		<EndTestTime>1779207427</EndTestTime>
		<ElapsedMinutes>0</ElapsedMinutes>
	</Testing>
</Site>
