<?xml version="1.0" encoding="UTF-8"?>
<Site BuildName="Darwin-clang++"
	BuildStamp="20251226-1845-Experimental"
	Name="MacBook-Pro.local"
	Generator="ctest-3.30.5"
	CompilerName="/usr/bin/clang++"
	CompilerVersion="17.0.0.17000603"
	OSName="macOS"
	Hostname="MacBook-Pro.local"
	OSRelease="26.2"
	OSVersion="25C56"
	OSPlatform="arm64"
	Is64Bits="1"
	VendorString="Apple"
	VendorID="Apple"
	FamilyID="0"
	ModelID="0"
	ProcessorCacheSize="131072"
	NumberOfLogicalCPU="10"
	NumberOfPhysicalCPU="10"
	TotalVirtualMemory="1024"
	TotalPhysicalMemory="16384"
	LogicalProcessorsPerPhysical="10"
	ProcessorClockFrequency="0"
	>
	<Testing>
		<StartDateTime>Dec 26 19:25 GMT</StartDateTime>
		<StartTestTime>1766777155</StartTestTime>
		<TestList/>
		<EndDateTime>Dec 26 19:25 GMT</EndDateTime>
		<EndTestTime>1766777155</EndTestTime>
		<ElapsedMinutes>0</ElapsedMinutes>
	</Testing>
</Site>
